<?xml version="1.0" encoding="UTF-8"?>
<!-- Generated by org.testng.reporters.JUnitReportReporter -->
<testsuite hostname="LAPTOP-0T8MV7RQ" failures="0" tests="3" name="testNG.loans" time="217.257" errors="0" timestamp="2022-01-26T15:46:20 IST" skipped="0">
  <testcase classname="testNG.loans" name="lenskart" time="94.487"/>
  <system-out/>
  <testcase classname="testNG.loans" name="flipkart" time="51.544"/>
  <system-out/>
  <testcase classname="testNG.loans" name="amazon" time="71.226"/>
  <system-out/>
</testsuite> <!-- testNG.loans -->
