<?xml version="1.0" encoding="UTF-8"?>
<!-- Generated by org.testng.reporters.JUnitReportReporter -->
<testsuite hostname="LAPTOP-0T8MV7RQ" failures="0" tests="9" name="testNG.money$loans" time="534.036" errors="0" timestamp="2022-01-26T16:05:58 IST" skipped="0">
  <testcase classname="testNG.money$loans" name="lenskart" time="98.999"/>
  <system-out/>
  <testcase classname="testNG.money$loans" name="lenskart" time="156.156"/>
  <system-out/>
  <testcase classname="testNG.money$loans" name="flipkart" time="30.422"/>
  <system-out/>
  <testcase classname="testNG.money$loans" name="amazon" time="34.550"/>
  <system-out/>
  <testcase classname="testNG.money$loans" name="amazon" time="33.550"/>
  <system-out/>
  <testcase classname="testNG.money$loans" name="amazon" time="35.081"/>
  <system-out/>
  <testcase classname="testNG.money$loans" name="amazon" time="36.966"/>
  <system-out/>
  <testcase classname="testNG.money$loans" name="amazon" time="48.397"/>
  <system-out/>
  <testcase classname="testNG.money$loans" name="amazon" time="59.915"/>
  <system-out/>
</testsuite> <!-- testNG.money$loans -->
